#
# A fatal error has been detected by the Java Runtime Environment:
#
#  EXCEPTION_ACCESS_VIOLATION (0xc0000005) at pc=0x7151497a, pid=17572, tid=0x00004144
#
# JRE version: Java(TM) SE Runtime Environment (8.0_131-b11) (build 1.8.0_131-b11)
# Java VM: Java HotSpot(TM) Client VM (25.131-b11 mixed mode windows-x86 )
# Problematic frame:
# V  [jvm.dll+0x13497a]
#
# Failed to write core dump. Minidumps are not enabled by default on client versions of Windows
#
# If you would like to submit a bug report, please visit:
#   http://bugreport.java.com/bugreport/crash.jsp
#

---------------  T H R E A D  ---------------

Current thread (0x14551c00):  VMThread [stack: 0x14790000,0x147e0000] [id=16708]

siginfo: ExceptionCode=0xc0000005, reading address 0x0000002c

Registers:
EAX=0x00000006, EBX=0x18be0368, ECX=0x00000010, EDX=0x00000003
ESP=0x147df2ec, EBP=0x147df32c, ESI=0x0a4a05a8, EDI=0x146e1058
EIP=0x7151497a, EFLAGS=0x00010246

Top of Stack: (sp=0x147df2ec)
0x147df2ec:   17202b10 14e6f404 14551c00 178b4588
0x147df2fc:   178bad4c 000103c4 156ecb18 14551c00
0x147df30c:   156ecb18 14551c00 00000006 147df330
0x147df31c:   7141d979 140f0018 00000001 146e1058
0x147df32c:   147df3a8 7150a4ab 17202b10 147df3bb
0x147df33c:   14e6f404 00000000 14551c00 14551c00
0x147df34c:   01ec9668 14551eb8 14551ec0 14551fac
0x147df35c:   000000ec 147df3c8 00000000 00000000 

Instructions: (pc=0x7151497a)
0x7151495a:   00 8b 43 10 8b d0 c1 ea 10 f6 c2 01 0f 84 85 01
0x7151496a:   00 00 c1 e8 0f a8 01 0f 85 7a 01 00 00 8b 43 04
0x7151497a:   0f b7 48 26 51 8b 4d 08 e8 99 42 f8 ff 50 56 89
0x7151498a:   45 f4 e8 9f 22 f1 ff 83 c4 08 f7 05 54 79 76 71 


Register to memory mapping:

EAX=0x00000006 is an unknown value
EBX=0x18be0368 is pointing into metadata
ECX=0x00000010 is an unknown value
EDX=0x00000003 is an unknown value
ESP=0x147df2ec is an unknown value
EBP=0x147df32c is an unknown value
ESI=0x0a4a05a8 is an oop
java.lang.invoke.MemberName 
 - klass: 'java/lang/invoke/MemberName'
EDI=0x146e1058 is an unknown value


Stack: [0x14790000,0x147e0000],  sp=0x147df2ec,  free space=316k
Native frames: (J=compiled Java code, j=interpreted, Vv=VM code, C=native code)
V  [jvm.dll+0x13497a]
V  [jvm.dll+0x12a4ab]
V  [jvm.dll+0x12a6a9]
V  [jvm.dll+0x1834eb]
V  [jvm.dll+0x1828f1]
V  [jvm.dll+0x182d07]
V  [jvm.dll+0x182f02]
V  [jvm.dll+0x1c2ec6]
C  [msvcr100.dll+0x5c556]
C  [msvcr100.dll+0x5c600]
C  [KERNEL32.DLL+0x17c04]
C  [ntdll.dll+0x5ab8f]
C  [ntdll.dll+0x5ab5a]

VM_Operation (0x14e6f404): RedefineClasses, mode: safepoint, requested by thread 0x14588800


---------------  P R O C E S S  ---------------

Java Threads: ( => current thread )
  0x17870800 JavaThread "restartedMain" [_thread_blocked, id=6736, stack(0x168e0000,0x16930000)]
  0x17871400 JavaThread "Thread-24" [_thread_blocked, id=3456, stack(0x16630000,0x16680000)]
  0x177b3c00 JavaThread "RMI TCP Connection(idle)" daemon [_thread_blocked, id=18088, stack(0x166c0000,0x16710000)]
  0x177b6000 JavaThread "DestroyJavaVM" [_thread_blocked, id=13012, stack(0x00980000,0x009d0000)]
  0x177b0800 JavaThread "Live Reload Server" daemon [_thread_in_native, id=12432, stack(0x18ee0000,0x18f30000)]
  0x15e16800 JavaThread "JMX server connection timeout 21" daemon [_thread_blocked, id=13508, stack(0x16a00000,0x16a50000)]
  0x15ec9000 JavaThread "RMI Scheduler(0)" daemon [_thread_blocked, id=17604, stack(0x16970000,0x169c0000)]
  0x15327800 JavaThread "RMI TCP Accept-0" daemon [_thread_in_native, id=18132, stack(0x15810000,0x15860000)]
  0x1531d000 JavaThread "RMI TCP Accept-57275" daemon [_thread_in_native, id=9772, stack(0x15780000,0x157d0000)]
  0x15311000 JavaThread "RMI TCP Accept-0" daemon [_thread_in_native, id=18404, stack(0x155f0000,0x15640000)]
  0x145bb400 JavaThread "Service Thread" daemon [_thread_blocked, id=16936, stack(0x15060000,0x150b0000)]
  0x14595800 JavaThread "C1 CompilerThread0" daemon [_thread_blocked, id=11912, stack(0x14fd0000,0x15020000)]
  0x1458ec00 JavaThread "JDWP Command Reader" daemon [_thread_in_native, id=14876, stack(0x14f40000,0x14f90000)]
  0x14589c00 JavaThread "JDWP Event Helper Thread" daemon [_thread_blocked, id=14544, stack(0x14eb0000,0x14f00000)]
  0x14588800 JavaThread "JDWP Transport Listener: dt_socket" daemon [_thread_blocked, id=3504, stack(0x14e20000,0x14e70000)]
  0x14581800 JavaThread "Attach Listener" daemon [_thread_blocked, id=1208, stack(0x14ab0000,0x14b00000)]
  0x14580400 JavaThread "Signal Dispatcher" daemon [_thread_blocked, id=12968, stack(0x14a20000,0x14a70000)]
  0x1456cc00 JavaThread "Finalizer" daemon [_thread_blocked, id=14928, stack(0x148b0000,0x14900000)]
  0x14557000 JavaThread "Reference Handler" daemon [_thread_blocked, id=15432, stack(0x14820000,0x14870000)]

Other Threads:
=>0x14551c00 VMThread [stack: 0x14790000,0x147e0000] [id=16708]
  0x15329c00 WatcherThread [stack: 0x158a0000,0x158f0000] [id=4444]

VM state:at safepoint (normal execution)

VM Mutex/Monitor currently owned by a thread:  ([mutex/lock_event])
[0x01f5e0a8] Threads_lock - owner thread: 0x14551c00

Heap:
 def new generation   total 15808K, used 12217K [0x04000000, 0x05120000, 0x09550000)
  eden space 14080K,  81% used [0x04000000, 0x04b239a8, 0x04dc0000)
  from space 1728K,  46% used [0x04dc0000, 0x04e8ab28, 0x04f70000)
  to   space 1728K,   0% used [0x04f70000, 0x04f70000, 0x05120000)
 tenured generation   total 34968K, used 21576K [0x09550000, 0x0b776000, 0x14000000)
   the space 34968K,  61% used [0x09550000, 0x0aa62390, 0x0aa62400, 0x0b776000)
 Metaspace       used 26599K, capacity 27359K, committed 27392K, reserved 28032K

Card table byte_map: [0x14000000,0x14090000] byte_map_base: 0x13fe0000

Polling page: 0x00900000

CodeCache: size=32768Kb used=4202Kb max_used=4792Kb free=28565Kb
 bounds [0x01ff0000, 0x024b8000, 0x03ff0000]
 total_blobs=2177 nmethods=1964 adapters=150
 compilation: enabled

Compilation events (10 events):
Event: 3422.061 Thread 0x14595800 3666   !         java.lang.StringCoding$StringDecoder::decode (179 bytes)
Event: 3422.063 Thread 0x14595800 nmethod 3666 0x02366988 code [0x02366b90, 0x0236754c]
Event: 3422.063 Thread 0x14595800 3667             java.lang.StringCoding::access$100 (8 bytes)
Event: 3422.063 Thread 0x14595800 nmethod 3667 0x02366588 code [0x02366690, 0x0236683c]
Event: 3422.063 Thread 0x14595800 3668             java.lang.StringCoding::safeTrim (24 bytes)
Event: 3422.063 Thread 0x14595800 nmethod 3668 0x023661c8 code [0x023662d0, 0x0236647c]
Event: 3422.064 Thread 0x14595800 3669   !         java.lang.StringCoding::decode (120 bytes)
Event: 3422.065 Thread 0x14595800 nmethod 3669 0x02364dc8 code [0x02364fd0, 0x023656d8]
Event: 3422.065 Thread 0x14595800 3670             java.lang.StringCoding$StringDecoder::requestedCharsetName (5 bytes)
Event: 3422.065 Thread 0x14595800 nmethod 3670 0x02364c08 code [0x02364d00, 0x02364d80]

GC Heap History (10 events):
Event: 3421.363 GC heap before
{Heap before GC invocations=112 (full 7):
 def new generation   total 15808K, used 14080K [0x04000000, 0x05120000, 0x09550000)
  eden space 14080K, 100% used [0x04000000, 0x04dc0000, 0x04dc0000)
  from space 1728K,   0% used [0x04f70000, 0x04f70000, 0x05120000)
  to   space 1728K,   0% used [0x04dc0000, 0x04dc0000, 0x04f70000)
 tenured generation   total 34968K, used 20813K [0x09550000, 0x0b776000, 0x14000000)
   the space 34968K,  59% used [0x09550000, 0x0a9a37a0, 0x0a9a3800, 0x0b776000)
 Metaspace       used 26565K, capacity 27318K, committed 27392K, reserved 28032K
Event: 3421.366 GC heap after
Heap after GC invocations=113 (full 7):
 def new generation   total 15808K, used 558K [0x04000000, 0x05120000, 0x09550000)
  eden space 14080K,   0% used [0x04000000, 0x04000000, 0x04dc0000)
  from space 1728K,  32% used [0x04dc0000, 0x04e4b940, 0x04f70000)
  to   space 1728K,   0% used [0x04f70000, 0x04f70000, 0x05120000)
 tenured generation   total 34968K, used 20813K [0x09550000, 0x0b776000, 0x14000000)
   the space 34968K,  59% used [0x09550000, 0x0a9a37a0, 0x0a9a3800, 0x0b776000)
 Metaspace       used 26565K, capacity 27318K, committed 27392K, reserved 28032K
}
Event: 3421.490 GC heap before
{Heap before GC invocations=113 (full 7):
 def new generation   total 15808K, used 14638K [0x04000000, 0x05120000, 0x09550000)
  eden space 14080K, 100% used [0x04000000, 0x04dc0000, 0x04dc0000)
  from space 1728K,  32% used [0x04dc0000, 0x04e4b940, 0x04f70000)
  to   space 1728K,   0% used [0x04f70000, 0x04f70000, 0x05120000)
 tenured generation   total 34968K, used 20813K [0x09550000, 0x0b776000, 0x14000000)
   the space 34968K,  59% used [0x09550000, 0x0a9a37a0, 0x0a9a3800, 0x0b776000)
 Metaspace       used 26572K, capacity 27356K, committed 27392K, reserved 28032K
Event: 3421.493 GC heap after
Heap after GC invocations=114 (full 7):
 def new generation   total 15808K, used 920K [0x04000000, 0x05120000, 0x09550000)
  eden space 14080K,   0% used [0x04000000, 0x04000000, 0x04dc0000)
  from space 1728K,  53% used [0x04f70000, 0x05056030, 0x05120000)
  to   space 1728K,   0% used [0x04dc0000, 0x04dc0000, 0x04f70000)
 tenured generation   total 34968K, used 20813K [0x09550000, 0x0b776000, 0x14000000)
   the space 34968K,  59% used [0x09550000, 0x0a9a37a0, 0x0a9a3800, 0x0b776000)
 Metaspace       used 26572K, capacity 27356K, committed 27392K, reserved 28032K
}
Event: 3421.596 GC heap before
{Heap before GC invocations=114 (full 7):
 def new generation   total 15808K, used 15000K [0x04000000, 0x05120000, 0x09550000)
  eden space 14080K, 100% used [0x04000000, 0x04dc0000, 0x04dc0000)
  from space 1728K,  53% used [0x04f70000, 0x05056030, 0x05120000)
  to   space 1728K,   0% used [0x04dc0000, 0x04dc0000, 0x04f70000)
 tenured generation   total 34968K, used 20813K [0x09550000, 0x0b776000, 0x14000000)
   the space 34968K,  59% used [0x09550000, 0x0a9a37a0, 0x0a9a3800, 0x0b776000)
 Metaspace       used 26572K, capacity 27356K, committed 27392K, reserved 28032K
Event: 3421.599 GC heap after
Heap after GC invocations=115 (full 7):
 def new generation   total 15808K, used 723K [0x04000000, 0x05120000, 0x09550000)
  eden space 14080K,   0% used [0x04000000, 0x04000000, 0x04dc0000)
  from space 1728K,  41% used [0x04dc0000, 0x04e74d88, 0x04f70000)
  to   space 1728K,   0% used [0x04f70000, 0x04f70000, 0x05120000)
 tenured generation   total 34968K, used 21262K [0x09550000, 0x0b776000, 0x14000000)
   the space 34968K,  60% used [0x09550000, 0x0aa13860, 0x0aa13a00, 0x0b776000)
 Metaspace       used 26572K, capacity 27356K, committed 27392K, reserved 28032K
}
Event: 3421.713 GC heap before
{Heap before GC invocations=115 (full 7):
 def new generation   total 15808K, used 14803K [0x04000000, 0x05120000, 0x09550000)
  eden space 14080K, 100% used [0x04000000, 0x04dc0000, 0x04dc0000)
  from space 1728K,  41% used [0x04dc0000, 0x04e74d88, 0x04f70000)
  to   space 1728K,   0% used [0x04f70000, 0x04f70000, 0x05120000)
 tenured generation   total 34968K, used 21262K [0x09550000, 0x0b776000, 0x14000000)
   the space 34968K,  60% used [0x09550000, 0x0aa13860, 0x0aa13a00, 0x0b776000)
 Metaspace       used 26572K, capacity 27356K, committed 27392K, reserved 28032K
Event: 3421.716 GC heap after
Heap after GC invocations=116 (full 7):
 def new generation   total 15808K, used 889K [0x04000000, 0x05120000, 0x09550000)
  eden space 14080K,   0% used [0x04000000, 0x04000000, 0x04dc0000)
  from space 1728K,  51% used [0x04f70000, 0x0504e510, 0x05120000)
  to   space 1728K,   0% used [0x04dc0000, 0x04dc0000, 0x04f70000)
 tenured generation   total 34968K, used 21262K [0x09550000, 0x0b776000, 0x14000000)
   the space 34968K,  60% used [0x09550000, 0x0aa13860, 0x0aa13a00, 0x0b776000)
 Metaspace       used 26572K, capacity 27356K, committed 27392K, reserved 28032K
}
Event: 3421.848 GC heap before
{Heap before GC invocations=116 (full 7):
 def new generation   total 15808K, used 14969K [0x04000000, 0x05120000, 0x09550000)
  eden space 14080K, 100% used [0x04000000, 0x04dc0000, 0x04dc0000)
  from space 1728K,  51% used [0x04f70000, 0x0504e510, 0x05120000)
  to   space 1728K,   0% used [0x04dc0000, 0x04dc0000, 0x04f70000)
 tenured generation   total 34968K, used 21262K [0x09550000, 0x0b776000, 0x14000000)
   the space 34968K,  60% used [0x09550000, 0x0aa13860, 0x0aa13a00, 0x0b776000)
 Metaspace       used 26572K, capacity 27356K, committed 27392K, reserved 28032K
Event: 3421.852 GC heap after
Heap after GC invocations=117 (full 7):
 def new generation   total 15808K, used 810K [0x04000000, 0x05120000, 0x09550000)
  eden space 14080K,   0% used [0x04000000, 0x04000000, 0x04dc0000)
  from space 1728K,  46% used [0x04dc0000, 0x04e8ab28, 0x04f70000)
  to   space 1728K,   0% used [0x04f70000, 0x04f70000, 0x05120000)
 tenured generation   total 34968K, used 21576K [0x09550000, 0x0b776000, 0x14000000)
   the space 34968K,  61% used [0x09550000, 0x0aa62390, 0x0aa62400, 0x0b776000)
 Metaspace       used 26572K, capacity 27356K, committed 27392K, reserved 28032K
}

Deoptimization events (0 events):
No events

Internal exceptions (10 events):
Event: 3421.822 Thread 0x17870800 Exception <a 'java/lang/ArrayIndexOutOfBoundsException'> (0x04bd5560) thrown at [C:\re\workspace\8-2-build-windows-i586-cygwin\jdk8u131\8869\hotspot\src\share\vm\runtime\sharedRuntime.cpp, line 605]
Event: 3421.878 Thread 0x17870800 Exception <a 'java/lang/ArrayIndexOutOfBoundsException'> (0x0417e1c8) thrown at [C:\re\workspace\8-2-build-windows-i586-cygwin\jdk8u131\8869\hotspot\src\share\vm\runtime\sharedRuntime.cpp, line 605]
Event: 3421.896 Thread 0x17870800 Exception <a 'java/lang/ArrayIndexOutOfBoundsException'> (0x042e3c08) thrown at [C:\re\workspace\8-2-build-windows-i586-cygwin\jdk8u131\8869\hotspot\src\share\vm\runtime\sharedRuntime.cpp, line 605]
Event: 3421.953 Thread 0x17870800 Exception <a 'java/lang/ArrayIndexOutOfBoundsException'> (0x045c5670) thrown at [C:\re\workspace\8-2-build-windows-i586-cygwin\jdk8u131\8869\hotspot\src\share\vm\runtime\sharedRuntime.cpp, line 605]
Event: 3421.963 Thread 0x17870800 Exception <a 'java/lang/ArrayIndexOutOfBoundsException'> (0x04656d80) thrown at [C:\re\workspace\8-2-build-windows-i586-cygwin\jdk8u131\8869\hotspot\src\share\vm\runtime\sharedRuntime.cpp, line 605]
Event: 3421.965 Thread 0x17870800 Exception <a 'java/lang/ArrayIndexOutOfBoundsException'> (0x04661c50) thrown at [C:\re\workspace\8-2-build-windows-i586-cygwin\jdk8u131\8869\hotspot\src\share\vm\runtime\sharedRuntime.cpp, line 605]
Event: 3421.996 Thread 0x17870800 Exception <a 'java/lang/ArrayIndexOutOfBoundsException'> (0x047491d8) thrown at [C:\re\workspace\8-2-build-windows-i586-cygwin\jdk8u131\8869\hotspot\src\share\vm\runtime\sharedRuntime.cpp, line 605]
Event: 3421.997 Thread 0x17870800 Exception <a 'java/lang/ArrayIndexOutOfBoundsException'> (0x047571a8) thrown at [C:\re\workspace\8-2-build-windows-i586-cygwin\jdk8u131\8869\hotspot\src\share\vm\runtime\sharedRuntime.cpp, line 605]
Event: 3421.999 Thread 0x17870800 Exception <a 'java/lang/ArrayIndexOutOfBoundsException'> (0x0476e648) thrown at [C:\re\workspace\8-2-build-windows-i586-cygwin\jdk8u131\8869\hotspot\src\share\vm\runtime\sharedRuntime.cpp, line 605]
Event: 3422.008 Thread 0x17870800 Exception <a 'java/lang/ArrayIndexOutOfBoundsException'> (0x047e88a8) thrown at [C:\re\workspace\8-2-build-windows-i586-cygwin\jdk8u131\8869\hotspot\src\share\vm\runtime\sharedRuntime.cpp, line 605]

Events (10 events):
Event: 3422.036 Thread 0x17870800 DEOPT UNPACKING pc=0x0202c5db sp=0x1692edb0 mode 1
Event: 3422.036 Thread 0x17870800 DEOPT PACKING pc=0x0221c350 sp=0x1692ef50
Event: 3422.036 Thread 0x17870800 DEOPT UNPACKING pc=0x0202c5db sp=0x1692ee24 mode 1
Event: 3422.036 Thread 0x17870800 DEOPT PACKING pc=0x02129a3c sp=0x1692eed0
Event: 3422.036 Thread 0x17870800 DEOPT UNPACKING pc=0x0202c5db sp=0x1692ed80 mode 1
Event: 3422.036 Thread 0x17870800 DEOPT PACKING pc=0x0221cfe8 sp=0x1692ef20
Event: 3422.036 Thread 0x17870800 DEOPT UNPACKING pc=0x0202c5db sp=0x1692edb0 mode 1
Event: 3422.036 Thread 0x17870800 DEOPT PACKING pc=0x0221c350 sp=0x1692ef50
Event: 3422.036 Thread 0x17870800 DEOPT UNPACKING pc=0x0202c5db sp=0x1692ee24 mode 1
Event: 3422.082 Executing VM operation: RedefineClasses


Dynamic libraries:
0x00a10000 - 0x00a43000 	C:\Program Files (x86)\Java\jre1.8.0_131\bin\javaw.exe
0x77c20000 - 0x77d8f000 	C:\Windows\SYSTEM32\ntdll.dll
0x75ec0000 - 0x76000000 	C:\Windows\SYSTEM32\KERNEL32.DLL
0x76000000 - 0x760d7000 	C:\Windows\SYSTEM32\KERNELBASE.dll
0x74320000 - 0x743c0000 	C:\Windows\system32\apphelp.dll
0x740b0000 - 0x74316000 	C:\Windows\AppPatch\AcGenral.DLL
0x75ad0000 - 0x75b93000 	C:\Windows\SYSTEM32\msvcrt.dll
0x75710000 - 0x75751000 	C:\Windows\SYSTEM32\sechost.dll
0x75760000 - 0x7577e000 	C:\Windows\SYSTEM32\SspiCli.dll
0x777d0000 - 0x77815000 	C:\Windows\SYSTEM32\SHLWAPI.dll
0x74c80000 - 0x74d6d000 	C:\Windows\SYSTEM32\UxTheme.dll
0x755b0000 - 0x75703000 	C:\Windows\SYSTEM32\USER32.dll
0x760e0000 - 0x761ee000 	C:\Windows\SYSTEM32\GDI32.dll
0x74e70000 - 0x74e93000 	C:\Windows\SYSTEM32\WINMM.dll
0x74090000 - 0x740a3000 	C:\Windows\SYSTEM32\samcli.dll
0x761f0000 - 0x76319000 	C:\Windows\SYSTEM32\ole32.dll
0x75e20000 - 0x75eb7000 	C:\Windows\SYSTEM32\OLEAUT32.dll
0x74070000 - 0x74087000 	C:\Windows\SYSTEM32\MSACM32.dll
0x74060000 - 0x74068000 	C:\Windows\SYSTEM32\VERSION.dll
0x763b0000 - 0x7766b000 	C:\Windows\SYSTEM32\SHELL32.dll
0x75170000 - 0x7518b000 	C:\Windows\SYSTEM32\USERENV.dll
0x74c60000 - 0x74c7a000 	C:\Windows\SYSTEM32\dwmapi.dll
0x73f10000 - 0x7405b000 	C:\Windows\SYSTEM32\urlmon.dll
0x77a80000 - 0x77afc000 	C:\Windows\SYSTEM32\ADVAPI32.dll
0x75100000 - 0x75165000 	C:\Windows\SYSTEM32\WINSPOOL.DRV
0x73ef0000 - 0x73f06000 	C:\Windows\SYSTEM32\MPR.dll
0x77710000 - 0x777ca000 	C:\Windows\SYSTEM32\RPCRT4.dll
0x75400000 - 0x7540a000 	C:\Windows\SYSTEM32\CRYPTBASE.dll
0x75950000 - 0x75acd000 	C:\Windows\SYSTEM32\combase.dll
0x74e30000 - 0x74e53000 	C:\Windows\SYSTEM32\WINMMBASE.dll
0x74e60000 - 0x74e6f000 	C:\Windows\SYSTEM32\profapi.dll
0x73cb0000 - 0x73ee4000 	C:\Windows\SYSTEM32\iertutil.dll
0x73a00000 - 0x73cab000 	C:\Windows\SYSTEM32\WININET.dll
0x753a0000 - 0x753f4000 	C:\Windows\SYSTEM32\bcryptPrimitives.dll
0x75dc0000 - 0x75dfc000 	C:\Windows\SYSTEM32\cfgmgr32.dll
0x74e00000 - 0x74e21000 	C:\Windows\SYSTEM32\DEVOBJ.dll
0x74d70000 - 0x74dfb000 	C:\Windows\SYSTEM32\SHCORE.DLL
0x75920000 - 0x75947000 	C:\Windows\system32\IMM32.DLL
0x75790000 - 0x758a2000 	C:\Windows\SYSTEM32\MSCTF.dll
0x73380000 - 0x73586000 	C:\Windows\WinSxS\x86_microsoft.windows.common-controls_6595b64144ccf1df_6.0.9600.18006_none_a9ec6aab013aafee\COMCTL32.dll
0x728b0000 - 0x72915000 	C:\Program Files (x86)\McAfee\Host Intrusion Prevention\HcApi.dll
0x728a0000 - 0x728a9000 	C:\Program Files (x86)\McAfee\Host Intrusion Prevention\HcThe.dll
0x6f1f0000 - 0x6f2af000 	C:\Program Files (x86)\Java\jre1.8.0_131\bin\msvcr100.dll
0x713e0000 - 0x717ae000 	C:\Program Files (x86)\Java\jre1.8.0_131\bin\client\jvm.dll
0x747a0000 - 0x747a8000 	C:\Windows\SYSTEM32\WSOCK32.dll
0x758b0000 - 0x758b6000 	C:\Windows\SYSTEM32\PSAPI.DLL
0x77b00000 - 0x77b4f000 	C:\Windows\SYSTEM32\WS2_32.dll
0x75e10000 - 0x75e17000 	C:\Windows\SYSTEM32\NSI.dll
0x719d0000 - 0x719dc000 	C:\Program Files (x86)\Java\jre1.8.0_131\bin\verify.dll
0x719a0000 - 0x719c1000 	C:\Program Files (x86)\Java\jre1.8.0_131\bin\java.dll
0x6f990000 - 0x6f9ba000 	C:\Program Files (x86)\Java\jre1.8.0_131\bin\jdwp.dll
0x70340000 - 0x70347000 	C:\Program Files (x86)\Java\jre1.8.0_131\bin\npt.dll
0x71840000 - 0x71853000 	C:\Program Files (x86)\Java\jre1.8.0_131\bin\zip.dll
0x6f900000 - 0x6f908000 	C:\Program Files (x86)\Java\jre1.8.0_131\bin\dt_socket.dll
0x53a70000 - 0x53a81000 	C:\Windows\system32\napinsp.dll
0x53a50000 - 0x53a66000 	C:\Windows\system32\pnrpnsp.dll
0x6f180000 - 0x6f194000 	C:\Windows\system32\NLAapi.dll
0x72bf0000 - 0x72c3b000 	C:\Windows\System32\mswsock.dll
0x74580000 - 0x745fe000 	C:\Windows\SYSTEM32\DNSAPI.dll
0x53a40000 - 0x53a4a000 	C:\Windows\System32\winrnr.dll
0x53a30000 - 0x53a40000 	C:\Windows\system32\wshbth.dll
0x546d0000 - 0x54716000 	C:\Windows\System32\fwpuclnt.dll
0x5f690000 - 0x5f698000 	C:\Windows\System32\rasadhlp.dll
0x6f8f0000 - 0x6f8fa000 	C:\Program Files (x86)\Java\jre1.8.0_131\bin\management.dll
0x711d0000 - 0x711e6000 	C:\Program Files (x86)\Java\jre1.8.0_131\bin\net.dll
0x70e40000 - 0x70e4f000 	C:\Program Files (x86)\Java\jre1.8.0_131\bin\nio.dll
0x74ad0000 - 0x74af0000 	C:\Windows\SYSTEM32\IPHLPAPI.DLL
0x74ac0000 - 0x74ac8000 	C:\Windows\SYSTEM32\WINNSI.DLL
0x74a40000 - 0x74a59000 	C:\Windows\SYSTEM32\CRYPTSP.dll
0x749a0000 - 0x749d0000 	C:\Windows\system32\rsaenh.dll
0x74980000 - 0x7499e000 	C:\Windows\SYSTEM32\bcrypt.dll
0x72720000 - 0x72733000 	C:\Windows\SYSTEM32\dhcpcsvc6.DLL
0x72700000 - 0x72714000 	C:\Windows\SYSTEM32\dhcpcsvc.DLL
0x708e0000 - 0x70a21000 	C:\Windows\SYSTEM32\dbghelp.dll

VM Arguments:
jvm_args: -agentlib:jdwp=transport=dt_socket,suspend=y,address=localhost:57276 -Dcom.sun.management.jmxremote -Dcom.sun.management.jmxremote.port=57275 -Dcom.sun.management.jmxremote.authenticate=false -Dcom.sun.management.jmxremote.ssl=false -Djava.rmi.server.hostname=localhost -Dspring.liveBeansView.mbeanDomain -Dspring.application.admin.enabled=true -Dfile.encoding=UTF-8 
java_command: tacos.TacoCloudApplication --spring.output.ansi.enabled=always
java_class_path (initial): C:\Users\llsa\Documents\workspaceSpringInAction\taco-cloud\target\classes;C:\Users\llsa\.m2\repository\org\springframework\boot\spring-boot-starter-thymeleaf\2.0.0.M4\spring-boot-starter-thymeleaf-2.0.0.M4.jar;C:\Users\llsa\.m2\repository\org\springframework\boot\spring-boot-starter\2.0.0.M4\spring-boot-starter-2.0.0.M4.jar;C:\Users\llsa\.m2\repository\org\springframework\boot\spring-boot-starter-logging\2.0.0.M4\spring-boot-starter-logging-2.0.0.M4.jar;C:\Users\llsa\.m2\repository\ch\qos\logback\logback-classic\1.2.3\logback-classic-1.2.3.jar;C:\Users\llsa\.m2\repository\ch\qos\logback\logback-core\1.2.3\logback-core-1.2.3.jar;C:\Users\llsa\.m2\repository\org\slf4j\jul-to-slf4j\1.7.25\jul-to-slf4j-1.7.25.jar;C:\Users\llsa\.m2\repository\org\slf4j\log4j-over-slf4j\1.7.25\log4j-over-slf4j-1.7.25.jar;C:\Users\llsa\.m2\repository\javax\annotation\javax.annotation-api\1.3\javax.annotation-api-1.3.jar;C:\Users\llsa\.m2\repository\org\yaml\snakeyaml\1.18\snakeyaml-1.18.jar;C:\Users\llsa\.m2\repository\org\thymeleaf\thymeleaf-spring5\3.0.7.RC1\thymeleaf-spring5-3.0.7.RC1.jar;C:\Users\llsa\.m2\repository\org\thymeleaf\thymeleaf\3.0.7.RELEASE\thymeleaf-3.0.7.RELEASE.jar;C:\Users\llsa\.m2\repository\org\attoparser\attoparser\2.0.4.RELEASE\attoparser-2.0.4.RELEASE.jar;C:\Users\llsa\.m2\repository\org\unbescape\unbescape\1.1.5.RELEASE\unbescape-1.1.5.RELEASE.jar;C:\Users\llsa\.m2\repository\org\slf4j\slf4j-api\1.7.25\slf4j-api-1.7.25.jar;C:\Users\llsa\.m2\repository\org\thymeleaf\extras\thymeleaf-extras-java8time\3.0.1.RELEASE\thymeleaf-extras-java8time-3.0.1.RELEASE.jar;C:\Users\llsa\.m2\repository\org\springframework\boot\spring-boot-starter-web\2.0.0.M4\spring-boot-starter-web-2.0.0.M4.jar;C:\Users\llsa\.m2\repository\org\springframework\boot\spring-boot-starter-json\2.0.0.M4\spring-boot-starter-json-2.0.0.M4.jar;C:\Users\llsa\.m2\repository\com\fasterxml\jackson\core\jackson-databind\2.9.1\jackson-databind-2.9.1.jar;C:\Users\llsa\.m2\repository\
Launcher Type: SUN_STANDARD

Environment Variables:
JAVA_HOME=C:\Program Files (x86)\Java\jdk1.8.0_121
PATH=C:/Program Files (x86)/Java/jre1.8.0_131/bin/client;C:/Program Files (x86)/Java/jre1.8.0_131/bin;C:/Program Files (x86)/Java/jre1.8.0_131/lib/i386;C:\ProgramData\Oracle\Java\javapath;C:\Program Files (x86)\Intel\iCLS Client\;C:\Program Files\Intel\iCLS Client\;C:\Windows\system32;C:\Windows;C:\Windows\System32\Wbem;C:\Windows\System32\WindowsPowerShell\v1.0\;C:\Windows\CCM;C:\Program Files (x86)\Intel\Intel(R) Management Engine Components\DAL;C:\Program Files\Intel\Intel(R) Management Engine Components\DAL;C:\Program Files (x86)\Intel\Intel(R) Management Engine Components\IPT;C:\Program Files\Intel\Intel(R) Management Engine Components\IPT;C:\Program Files (x86)\Java\jdk1.8.0_121\bin;C:\Program Files\Git\cmd;C:\ProgramData\chocolatey\bin;C:\Apache\apache-maven-3.3.9-bin\apache-maven-3.3.9\bin;C:\HashiCorp\Vagrant\bin;C:\Program Files\Cloud Foundry;C:\Program Files\MySQL\MySQL Utilities 1.6\;C:\Ruby23-x64;C:\Ruby23-x64\bin;C:\sqlite3;;C:\ProgramData\chocolatey\lib\Elixir/bin;C:\Program Files\MySQL\MySQL Server 5.7\bin;C:\Program Files (x86)\scala\bin;C:\JavaSamples\spring-1.3.5.RELEASE\bin;C:\Program Files\MongoDB\Server\3.4\bin;C:\Program Files\nodejs\;C:\Python\Scripts\;C:\Python\;C:\Users\llsa\AppData\Local\atom\bin;C:\sqlite3;C:\Program Files (x86)\Microsoft VS Code\bin;C:\Users\llsa\AppData\Roaming\npm;C:\sts-bundle\sts-3.8.3.RELEASE;
USERNAME=llsa
OS=Windows_NT
PROCESSOR_IDENTIFIER=Intel64 Family 6 Model 78 Stepping 3, GenuineIntel



---------------  S Y S T E M  ---------------

OS: Windows 8.1 , 64 bit Build 9600 (6.3.9600.17415)

CPU:total 4 (initial active 4) (2 cores per cpu, 2 threads per core) family 6 model 78 stepping 3, cmov, cx8, fxsr, mmx, sse, sse2, sse3, ssse3, sse4.1, sse4.2, popcnt, avx, avx2, aes, clmul, erms, 3dnowpref, lzcnt, ht, tsc, tscinvbit, bmi1, bmi2, adx

Memory: 4k page, physical 16437248k(12180984k free), swap 33214464k(26940328k free)

vm_info: Java HotSpot(TM) Client VM (25.131-b11) for windows-x86 JRE (1.8.0_131-b11), built on Mar 15 2017 01:26:29 by "java_re" with MS VC++ 10.0 (VS2010)

time: Mon Sep 25 17:09:38 2017
elapsed time: 3422 seconds (0d 0h 57m 2s)

